
<h3>05.27.21 10:30:30</h3>
Image C:\xampp\htdocs\trabajo2daw2\media\com_hikashop\images\barcode.png could not be opened when trying to generate its thumbnail
<h3>05.27.21 10:32:33</h3>
Image C:\xampp\htdocs\trabajo2daw2\media\com_hikashop\images\barcode.png could not be opened when trying to generate its thumbnail
<h3>05.27.21 10:32:49</h3>
Image C:\xampp\htdocs\trabajo2daw2\media\com_hikashop\images\barcode.png could not be opened when trying to generate its thumbnail
<h3>05.27.21 10:33:21</h3>
Image C:\xampp\htdocs\trabajo2daw2\media\com_hikashop\images\barcode.png could not be opened when trying to generate its thumbnail
<h3>05.27.21 10:33:21</h3>
Image C:\xampp\htdocs\trabajo2daw2\images\com_hikashop\upload\fotolia_25205381_s.jpg could not be opened when trying to generate its thumbnail
<h3>05.27.21 10:33:21</h3>
Image C:\xampp\htdocs\trabajo2daw2\images\com_hikashop\upload\fotolia_26461775_s.jpg could not be opened when trying to generate its thumbnail
<h3>05.27.21 10:33:21</h3>
Image C:\xampp\htdocs\trabajo2daw2\images\com_hikashop\upload\porsche_carrera_4964.jpg could not be opened when trying to generate its thumbnail
<h3>05.27.21 10:33:21</h3>
Image C:\xampp\htdocs\trabajo2daw2\images\com_hikashop\upload\shoes1.png could not be opened when trying to generate its thumbnail
<h3>05.27.21 10:33:21</h3>
Image C:\xampp\htdocs\trabajo2daw2\images\com_hikashop\upload\fotolia_26848006_s_13037.jpg could not be opened when trying to generate its thumbnail
<h3>05.27.21 10:33:21</h3>
Image C:\xampp\htdocs\trabajo2daw2\images\com_hikashop\upload\fotolia_5316655_s_19586.jpg could not be opened when trying to generate its thumbnail
<h3>05.27.21 10:33:21</h3>
Image C:\xampp\htdocs\trabajo2daw2\images\com_hikashop\upload\great_gatsby.jpg could not be opened when trying to generate its thumbnail
<h3>05.27.21 10:33:21</h3>
Image C:\xampp\htdocs\trabajo2daw2\images\com_hikashop\upload\candide.jpg could not be opened when trying to generate its thumbnail
<h3>05.27.21 10:33:21</h3>
Image C:\xampp\htdocs\trabajo2daw2\images\com_hikashop\upload\starter.jpg could not be opened when trying to generate its thumbnail
<h3>05.27.21 10:33:21</h3>
Image C:\xampp\htdocs\trabajo2daw2\images\com_hikashop\upload\fotolia_28114559_s.jpg could not be opened when trying to generate its thumbnail
<h3>05.27.21 10:33:21</h3>
Image C:\xampp\htdocs\trabajo2daw2\images\com_hikashop\upload\fotolia_25058941_s.jpg could not be opened when trying to generate its thumbnail
<h3>05.27.21 10:33:21</h3>
Image C:\xampp\htdocs\trabajo2daw2\images\com_hikashop\upload\porsche_carrera_targa.jpg could not be opened when trying to generate its thumbnail
<h3>05.27.21 10:33:21</h3>
Image C:\xampp\htdocs\trabajo2daw2\images\com_hikashop\upload\shoes2.png could not be opened when trying to generate its thumbnail
<h3>05.27.21 10:33:21</h3>
Image C:\xampp\htdocs\trabajo2daw2\images\com_hikashop\upload\fotolia_20227750_s.jpg could not be opened when trying to generate its thumbnail
<h3>05.27.21 10:33:21</h3>
Image C:\xampp\htdocs\trabajo2daw2\images\com_hikashop\upload\fotolia_24583655_s.jpg could not be opened when trying to generate its thumbnail
<h3>05.27.21 10:33:21</h3>
Image C:\xampp\htdocs\trabajo2daw2\images\com_hikashop\upload\dalloway.jpg could not be opened when trying to generate its thumbnail
<h3>05.27.21 10:33:21</h3>
Image C:\xampp\htdocs\trabajo2daw2\images\com_hikashop\upload\baudelaire.jpg could not be opened when trying to generate its thumbnail
<h3>05.27.21 10:33:21</h3>
Image C:\xampp\htdocs\trabajo2daw2\images\com_hikashop\upload\temperaturedial.jpg could not be opened when trying to generate its thumbnail
<h3>05.27.21 10:33:21</h3>
Image C:\xampp\htdocs\trabajo2daw2\images\com_hikashop\upload\fotolia_27565313_s_12632.jpg could not be opened when trying to generate its thumbnail
<h3>05.27.21 10:33:59</h3>
Image C:\xampp\htdocs\trabajo2daw2\images\com_hikashop\upload\cat_shoes.png could not be opened when trying to generate its thumbnail
<h3>05.27.21 10:33:59</h3>
Image C:\xampp\htdocs\trabajo2daw2\images\com_hikashop\upload\cat_computing.png could not be opened when trying to generate its thumbnail
<h3>05.27.21 10:33:59</h3>
Image C:\xampp\htdocs\trabajo2daw2\images\com_hikashop\upload\cat_ebook.png could not be opened when trying to generate its thumbnail
<h3>05.27.21 10:33:59</h3>
Image C:\xampp\htdocs\trabajo2daw2\images\com_hikashop\upload\cat_automobile.png could not be opened when trying to generate its thumbnail
<h3>05.27.21 10:33:59</h3>
Image C:\xampp\htdocs\trabajo2daw2\media\com_hikashop\images\barcode.png could not be opened when trying to generate its thumbnail
<h3>05.27.21 10:34:08</h3>
Image C:\xampp\htdocs\trabajo2daw2\images\com_hikashop\upload\auto.png could not be opened when trying to generate its thumbnail
<h3>05.27.21 10:34:08</h3>
Image C:\xampp\htdocs\trabajo2daw2\images\com_hikashop\upload\spareparts.png could not be opened when trying to generate its thumbnail
<h3>05.27.21 10:34:11</h3>
Image C:\xampp\htdocs\trabajo2daw2\images\com_hikashop\upload\porsche_carrera_4964.jpg could not be opened when trying to generate its thumbnail
<h3>05.27.21 10:34:11</h3>
Image C:\xampp\htdocs\trabajo2daw2\images\com_hikashop\upload\porsche_carrera_targa.jpg could not be opened when trying to generate its thumbnail
<h3>05.27.21 10:34:11</h3>
Image C:\xampp\htdocs\trabajo2daw2\images\com_hikashop\upload\porsche_carrera_4993.jpg could not be opened when trying to generate its thumbnail
<h3>05.27.21 10:34:11</h3>
Image C:\xampp\htdocs\trabajo2daw2\images\com_hikashop\upload\porsche_4s996.jpg could not be opened when trying to generate its thumbnail
<h3>05.27.21 10:34:11</h3>
Image C:\xampp\htdocs\trabajo2daw2\images\com_hikashop\upload\porsche_911.jpg could not be opened when trying to generate its thumbnail
<h3>05.27.21 10:34:11</h3>
Image C:\xampp\htdocs\trabajo2daw2\images\com_hikashop\upload\porsche_cayman.jpg could not be opened when trying to generate its thumbnail
<h3>05.27.21 10:34:11</h3>
Image C:\xampp\htdocs\trabajo2daw2\images\com_hikashop\upload\porsche_carrera.jpg could not be opened when trying to generate its thumbnail
<h3>05.27.21 10:34:11</h3>
Image C:\xampp\htdocs\trabajo2daw2\images\com_hikashop\upload\porsche_carrera_cabriolet.jpg could not be opened when trying to generate its thumbnail
<h3>05.27.21 10:34:14</h3>
Image C:\xampp\htdocs\trabajo2daw2\images\com_hikashop\upload\auto.png could not be opened when trying to generate its thumbnail
<h3>05.27.21 10:34:14</h3>
Image C:\xampp\htdocs\trabajo2daw2\images\com_hikashop\upload\spareparts.png could not be opened when trying to generate its thumbnail
<h3>05.27.21 10:34:15</h3>
Image C:\xampp\htdocs\trabajo2daw2\images\com_hikashop\upload\cat_shoes.png could not be opened when trying to generate its thumbnail
<h3>05.27.21 10:34:15</h3>
Image C:\xampp\htdocs\trabajo2daw2\images\com_hikashop\upload\cat_computing.png could not be opened when trying to generate its thumbnail
<h3>05.27.21 10:34:15</h3>
Image C:\xampp\htdocs\trabajo2daw2\images\com_hikashop\upload\cat_ebook.png could not be opened when trying to generate its thumbnail
<h3>05.27.21 10:34:15</h3>
Image C:\xampp\htdocs\trabajo2daw2\images\com_hikashop\upload\cat_automobile.png could not be opened when trying to generate its thumbnail
<h3>05.27.21 10:34:15</h3>
Image C:\xampp\htdocs\trabajo2daw2\media\com_hikashop\images\barcode.png could not be opened when trying to generate its thumbnail
<h3>05.27.21 10:35:00</h3>
Image C:\xampp\htdocs\trabajo2daw2\media\com_hikashop\images\barcode.png could not be opened when trying to generate its thumbnail
<h3>05.27.21 10:35:00</h3>
Image C:\xampp\htdocs\trabajo2daw2\images\com_hikashop\upload\fotolia_25205381_s.jpg could not be opened when trying to generate its thumbnail
<h3>05.27.21 10:35:00</h3>
Image C:\xampp\htdocs\trabajo2daw2\images\com_hikashop\upload\fotolia_26461775_s.jpg could not be opened when trying to generate its thumbnail
<h3>05.27.21 10:35:00</h3>
Image C:\xampp\htdocs\trabajo2daw2\images\com_hikashop\upload\porsche_carrera_4964.jpg could not be opened when trying to generate its thumbnail
<h3>05.27.21 10:35:00</h3>
Image C:\xampp\htdocs\trabajo2daw2\images\com_hikashop\upload\shoes1.png could not be opened when trying to generate its thumbnail
<h3>05.27.21 10:35:00</h3>
Image C:\xampp\htdocs\trabajo2daw2\images\com_hikashop\upload\fotolia_26848006_s_13037.jpg could not be opened when trying to generate its thumbnail
<h3>05.27.21 10:35:00</h3>
Image C:\xampp\htdocs\trabajo2daw2\images\com_hikashop\upload\fotolia_5316655_s_19586.jpg could not be opened when trying to generate its thumbnail
<h3>05.27.21 10:35:00</h3>
Image C:\xampp\htdocs\trabajo2daw2\images\com_hikashop\upload\great_gatsby.jpg could not be opened when trying to generate its thumbnail
<h3>05.27.21 10:35:00</h3>
Image C:\xampp\htdocs\trabajo2daw2\images\com_hikashop\upload\candide.jpg could not be opened when trying to generate its thumbnail
<h3>05.27.21 10:35:00</h3>
Image C:\xampp\htdocs\trabajo2daw2\images\com_hikashop\upload\starter.jpg could not be opened when trying to generate its thumbnail
<h3>05.27.21 10:35:00</h3>
Image C:\xampp\htdocs\trabajo2daw2\images\com_hikashop\upload\fotolia_28114559_s.jpg could not be opened when trying to generate its thumbnail
<h3>05.27.21 10:35:00</h3>
Image C:\xampp\htdocs\trabajo2daw2\images\com_hikashop\upload\fotolia_25058941_s.jpg could not be opened when trying to generate its thumbnail
<h3>05.27.21 10:35:00</h3>
Image C:\xampp\htdocs\trabajo2daw2\images\com_hikashop\upload\porsche_carrera_targa.jpg could not be opened when trying to generate its thumbnail
<h3>05.27.21 10:35:00</h3>
Image C:\xampp\htdocs\trabajo2daw2\images\com_hikashop\upload\shoes2.png could not be opened when trying to generate its thumbnail
<h3>05.27.21 10:35:00</h3>
Image C:\xampp\htdocs\trabajo2daw2\images\com_hikashop\upload\fotolia_20227750_s.jpg could not be opened when trying to generate its thumbnail
<h3>05.27.21 10:35:00</h3>
Image C:\xampp\htdocs\trabajo2daw2\images\com_hikashop\upload\fotolia_24583655_s.jpg could not be opened when trying to generate its thumbnail
<h3>05.27.21 10:35:00</h3>
Image C:\xampp\htdocs\trabajo2daw2\images\com_hikashop\upload\dalloway.jpg could not be opened when trying to generate its thumbnail
<h3>05.27.21 10:35:00</h3>
Image C:\xampp\htdocs\trabajo2daw2\images\com_hikashop\upload\baudelaire.jpg could not be opened when trying to generate its thumbnail
<h3>05.27.21 10:35:00</h3>
Image C:\xampp\htdocs\trabajo2daw2\images\com_hikashop\upload\temperaturedial.jpg could not be opened when trying to generate its thumbnail
<h3>05.27.21 10:35:00</h3>
Image C:\xampp\htdocs\trabajo2daw2\images\com_hikashop\upload\fotolia_27565313_s_12632.jpg could not be opened when trying to generate its thumbnail
<h3>05.27.21 11:04:12</h3>
Image C:\xampp\htdocs\trabajo2daw2\media\com_hikashop\images\barcode.png could not be opened when trying to generate its thumbnail
<h3>05.27.21 11:04:12</h3>
Image C:\xampp\htdocs\trabajo2daw2\images\com_hikashop\upload\fotolia_25205381_s.jpg could not be opened when trying to generate its thumbnail
<h3>05.27.21 11:04:12</h3>
Image C:\xampp\htdocs\trabajo2daw2\images\com_hikashop\upload\fotolia_26461775_s.jpg could not be opened when trying to generate its thumbnail
<h3>05.27.21 11:04:12</h3>
Image C:\xampp\htdocs\trabajo2daw2\images\com_hikashop\upload\porsche_carrera_4964.jpg could not be opened when trying to generate its thumbnail
<h3>05.27.21 11:04:12</h3>
Image C:\xampp\htdocs\trabajo2daw2\images\com_hikashop\upload\shoes1.png could not be opened when trying to generate its thumbnail
<h3>05.27.21 11:04:12</h3>
Image C:\xampp\htdocs\trabajo2daw2\images\com_hikashop\upload\fotolia_26848006_s_13037.jpg could not be opened when trying to generate its thumbnail
<h3>05.27.21 11:04:12</h3>
Image C:\xampp\htdocs\trabajo2daw2\images\com_hikashop\upload\fotolia_5316655_s_19586.jpg could not be opened when trying to generate its thumbnail
<h3>05.27.21 11:04:12</h3>
Image C:\xampp\htdocs\trabajo2daw2\images\com_hikashop\upload\great_gatsby.jpg could not be opened when trying to generate its thumbnail
<h3>05.27.21 11:04:12</h3>
Image C:\xampp\htdocs\trabajo2daw2\images\com_hikashop\upload\candide.jpg could not be opened when trying to generate its thumbnail
<h3>05.27.21 11:04:12</h3>
Image C:\xampp\htdocs\trabajo2daw2\images\com_hikashop\upload\starter.jpg could not be opened when trying to generate its thumbnail
<h3>05.27.21 11:04:12</h3>
Image C:\xampp\htdocs\trabajo2daw2\images\com_hikashop\upload\fotolia_28114559_s.jpg could not be opened when trying to generate its thumbnail
<h3>05.27.21 11:04:12</h3>
Image C:\xampp\htdocs\trabajo2daw2\images\com_hikashop\upload\fotolia_25058941_s.jpg could not be opened when trying to generate its thumbnail
<h3>05.27.21 11:04:12</h3>
Image C:\xampp\htdocs\trabajo2daw2\images\com_hikashop\upload\porsche_carrera_targa.jpg could not be opened when trying to generate its thumbnail
<h3>05.27.21 11:04:12</h3>
Image C:\xampp\htdocs\trabajo2daw2\images\com_hikashop\upload\shoes2.png could not be opened when trying to generate its thumbnail
<h3>05.27.21 11:04:12</h3>
Image C:\xampp\htdocs\trabajo2daw2\images\com_hikashop\upload\fotolia_20227750_s.jpg could not be opened when trying to generate its thumbnail
<h3>05.27.21 11:04:12</h3>
Image C:\xampp\htdocs\trabajo2daw2\images\com_hikashop\upload\fotolia_24583655_s.jpg could not be opened when trying to generate its thumbnail
<h3>05.27.21 11:04:12</h3>
Image C:\xampp\htdocs\trabajo2daw2\images\com_hikashop\upload\dalloway.jpg could not be opened when trying to generate its thumbnail
<h3>05.27.21 11:04:12</h3>
Image C:\xampp\htdocs\trabajo2daw2\images\com_hikashop\upload\baudelaire.jpg could not be opened when trying to generate its thumbnail
<h3>05.27.21 11:04:12</h3>
Image C:\xampp\htdocs\trabajo2daw2\images\com_hikashop\upload\temperaturedial.jpg could not be opened when trying to generate its thumbnail
<h3>05.27.21 11:04:12</h3>
Image C:\xampp\htdocs\trabajo2daw2\images\com_hikashop\upload\fotolia_27565313_s_12632.jpg could not be opened when trying to generate its thumbnail
<h3>05.27.21 11:04:19</h3>
Image C:\xampp\htdocs\trabajo2daw2\media\com_hikashop\images\barcode.png could not be opened when trying to generate its thumbnail
<h3>05.27.21 11:04:23</h3>
Image C:\xampp\htdocs\trabajo2daw2\media\com_hikashop\images\barcode.png could not be opened when trying to generate its thumbnail
<h3>05.27.21 11:06:15</h3>
Image C:\xampp\htdocs\trabajo2daw2\media\com_hikashop\images\barcode.png could not be opened when trying to generate its thumbnail
<h3>05.27.21 11:06:20</h3>
Image C:\xampp\htdocs\trabajo2daw2\media\com_hikashop\images\barcode.png could not be opened when trying to generate its thumbnail
<h3>05.27.21 11:06:26</h3>
Image C:\xampp\htdocs\trabajo2daw2\images\com_hikashop\upload\cat_shoes.png could not be opened when trying to generate its thumbnail
<h3>05.27.21 11:06:26</h3>
Image C:\xampp\htdocs\trabajo2daw2\images\com_hikashop\upload\cat_computing.png could not be opened when trying to generate its thumbnail
<h3>05.27.21 11:06:26</h3>
Image C:\xampp\htdocs\trabajo2daw2\images\com_hikashop\upload\cat_ebook.png could not be opened when trying to generate its thumbnail
<h3>05.27.21 11:06:26</h3>
Image C:\xampp\htdocs\trabajo2daw2\images\com_hikashop\upload\cat_automobile.png could not be opened when trying to generate its thumbnail
<h3>05.27.21 11:06:26</h3>
Image C:\xampp\htdocs\trabajo2daw2\media\com_hikashop\images\barcode.png could not be opened when trying to generate its thumbnail
<h3>05.27.21 11:08:17</h3>
Image C:\xampp\htdocs\trabajo2daw2\images\com_hikashop\upload\cat_shoes.png could not be opened when trying to generate its thumbnail
<h3>05.27.21 11:08:17</h3>
Image C:\xampp\htdocs\trabajo2daw2\images\com_hikashop\upload\cat_computing.png could not be opened when trying to generate its thumbnail
<h3>05.27.21 11:08:17</h3>
Image C:\xampp\htdocs\trabajo2daw2\images\com_hikashop\upload\cat_ebook.png could not be opened when trying to generate its thumbnail
<h3>05.27.21 11:08:17</h3>
Image C:\xampp\htdocs\trabajo2daw2\images\com_hikashop\upload\cat_automobile.png could not be opened when trying to generate its thumbnail
<h3>05.27.21 11:08:18</h3>
Image C:\xampp\htdocs\trabajo2daw2\media\com_hikashop\images\barcode.png could not be opened when trying to generate its thumbnail
<h3>05.27.21 11:10:22</h3>
Image C:\xampp\htdocs\trabajo2daw2\images\com_hikashop\upload\cat_shoes.png could not be opened when trying to generate its thumbnail
<h3>05.27.21 11:10:22</h3>
Image C:\xampp\htdocs\trabajo2daw2\images\com_hikashop\upload\cat_computing.png could not be opened when trying to generate its thumbnail
<h3>05.27.21 11:10:22</h3>
Image C:\xampp\htdocs\trabajo2daw2\images\com_hikashop\upload\cat_ebook.png could not be opened when trying to generate its thumbnail
<h3>05.27.21 11:10:22</h3>
Image C:\xampp\htdocs\trabajo2daw2\images\com_hikashop\upload\cat_automobile.png could not be opened when trying to generate its thumbnail
<h3>05.27.21 11:10:22</h3>
Image C:\xampp\htdocs\trabajo2daw2\media\com_hikashop\images\barcode.png could not be opened when trying to generate its thumbnail
<h3>05.27.21 11:10:27</h3>
Image C:\xampp\htdocs\trabajo2daw2\images\com_hikashop\upload\cat_shoes.png could not be opened when trying to generate its thumbnail
<h3>05.27.21 11:10:27</h3>
Image C:\xampp\htdocs\trabajo2daw2\images\com_hikashop\upload\cat_computing.png could not be opened when trying to generate its thumbnail
<h3>05.27.21 11:10:27</h3>
Image C:\xampp\htdocs\trabajo2daw2\images\com_hikashop\upload\cat_ebook.png could not be opened when trying to generate its thumbnail
<h3>05.27.21 11:10:27</h3>
Image C:\xampp\htdocs\trabajo2daw2\images\com_hikashop\upload\cat_automobile.png could not be opened when trying to generate its thumbnail
<h3>05.27.21 11:10:27</h3>
Image C:\xampp\htdocs\trabajo2daw2\media\com_hikashop\images\barcode.png could not be opened when trying to generate its thumbnail
<h3>05.27.21 11:10:31</h3>
Image C:\xampp\htdocs\trabajo2daw2\images\com_hikashop\upload\cat_shoes.png could not be opened when trying to generate its thumbnail
<h3>05.27.21 11:10:31</h3>
Image C:\xampp\htdocs\trabajo2daw2\images\com_hikashop\upload\cat_computing.png could not be opened when trying to generate its thumbnail
<h3>05.27.21 11:10:31</h3>
Image C:\xampp\htdocs\trabajo2daw2\images\com_hikashop\upload\cat_ebook.png could not be opened when trying to generate its thumbnail
<h3>05.27.21 11:10:31</h3>
Image C:\xampp\htdocs\trabajo2daw2\images\com_hikashop\upload\cat_automobile.png could not be opened when trying to generate its thumbnail
<h3>05.27.21 11:10:31</h3>
Image C:\xampp\htdocs\trabajo2daw2\media\com_hikashop\images\barcode.png could not be opened when trying to generate its thumbnail
<h3>05.27.21 11:11:17</h3>
Image C:\xampp\htdocs\trabajo2daw2\images\com_hikashop\upload\cat_shoes.png could not be opened when trying to generate its thumbnail
<h3>05.27.21 11:11:17</h3>
Image C:\xampp\htdocs\trabajo2daw2\images\com_hikashop\upload\cat_computing.png could not be opened when trying to generate its thumbnail
<h3>05.27.21 11:11:17</h3>
Image C:\xampp\htdocs\trabajo2daw2\images\com_hikashop\upload\cat_ebook.png could not be opened when trying to generate its thumbnail
<h3>05.27.21 11:11:17</h3>
Image C:\xampp\htdocs\trabajo2daw2\images\com_hikashop\upload\cat_automobile.png could not be opened when trying to generate its thumbnail
<h3>05.27.21 11:11:17</h3>
Image C:\xampp\htdocs\trabajo2daw2\media\com_hikashop\images\barcode.png could not be opened when trying to generate its thumbnail
<h3>05.27.21 11:11:24</h3>
Image C:\xampp\htdocs\trabajo2daw2\images\com_hikashop\upload\cat_shoes.png could not be opened when trying to generate its thumbnail
<h3>05.27.21 11:11:24</h3>
Image C:\xampp\htdocs\trabajo2daw2\images\com_hikashop\upload\cat_computing.png could not be opened when trying to generate its thumbnail
<h3>05.27.21 11:11:24</h3>
Image C:\xampp\htdocs\trabajo2daw2\images\com_hikashop\upload\cat_ebook.png could not be opened when trying to generate its thumbnail
<h3>05.27.21 11:11:24</h3>
Image C:\xampp\htdocs\trabajo2daw2\images\com_hikashop\upload\cat_automobile.png could not be opened when trying to generate its thumbnail
<h3>05.27.21 11:11:24</h3>
Image C:\xampp\htdocs\trabajo2daw2\media\com_hikashop\images\barcode.png could not be opened when trying to generate its thumbnail
<h3>05.27.21 11:13:31</h3>
Image C:\xampp\htdocs\trabajo2daw2\images\com_hikashop\upload\cat_shoes.png could not be opened when trying to generate its thumbnail
<h3>05.27.21 11:13:31</h3>
Image C:\xampp\htdocs\trabajo2daw2\images\com_hikashop\upload\cat_computing.png could not be opened when trying to generate its thumbnail
<h3>05.27.21 11:13:31</h3>
Image C:\xampp\htdocs\trabajo2daw2\images\com_hikashop\upload\cat_ebook.png could not be opened when trying to generate its thumbnail
<h3>05.27.21 11:13:31</h3>
Image C:\xampp\htdocs\trabajo2daw2\images\com_hikashop\upload\cat_automobile.png could not be opened when trying to generate its thumbnail
<h3>05.27.21 11:13:31</h3>
Image C:\xampp\htdocs\trabajo2daw2\media\com_hikashop\images\barcode.png could not be opened when trying to generate its thumbnail
<h3>05.27.21 11:13:34</h3>
Image C:\xampp\htdocs\trabajo2daw2\images\com_hikashop\upload\cat_shoes.png could not be opened when trying to generate its thumbnail
<h3>05.27.21 11:13:34</h3>
Image C:\xampp\htdocs\trabajo2daw2\images\com_hikashop\upload\cat_computing.png could not be opened when trying to generate its thumbnail
<h3>05.27.21 11:13:34</h3>
Image C:\xampp\htdocs\trabajo2daw2\images\com_hikashop\upload\cat_ebook.png could not be opened when trying to generate its thumbnail
<h3>05.27.21 11:13:34</h3>
Image C:\xampp\htdocs\trabajo2daw2\images\com_hikashop\upload\cat_automobile.png could not be opened when trying to generate its thumbnail
<h3>05.27.21 11:13:34</h3>
Image C:\xampp\htdocs\trabajo2daw2\media\com_hikashop\images\barcode.png could not be opened when trying to generate its thumbnail